#
# There is insufficient memory for the Java Runtime Environment to continue.
# Native memory allocation (malloc) failed to allocate 265360 bytes for Chunk::new
# Possible reasons:
#   The system is out of physical RAM or swap space
#   The process is running with CompressedOops enabled, and the Java Heap may be blocking the growth of the native heap
# Possible solutions:
#   Reduce memory load on the system
#   Increase physical memory or swap space
#   Check if swap backing store is full
#   Decrease Java heap size (-Xmx/-Xms)
#   Decrease number of Java threads
#   Decrease Java thread stack sizes (-Xss)
#   Set larger code cache with -XX:ReservedCodeCacheSize=
#   JVM is running with Unscaled Compressed Oops mode in which the Java heap is
#     placed in the first 4GB address space. The Java Heap base address is the
#     maximum limit for the native heap growth. Please use -XX:HeapBaseMinAddress
#     to set the Java Heap base and to place the Java Heap above 4GB virtual address.
# This output file may be truncated or incomplete.
#
#  Out of Memory Error (allocation.cpp:390), pid=2552, tid=0x00000000000030b4
#
# JRE version: Java(TM) SE Runtime Environment (8.0_201-b09) (build 1.8.0_201-b09)
# Java VM: Java HotSpot(TM) 64-Bit Server VM (25.201-b09 mixed mode windows-amd64 compressed oops)
# Failed to write core dump. Minidumps are not enabled by default on client versions of Windows
#

---------------  T H R E A D  ---------------

Current thread (0x000000001651d000):  JavaThread "C2 CompilerThread1" daemon [_thread_in_native, id=12468, stack(0x0000000017c80000,0x0000000017d80000)]

Stack: [0x0000000017c80000,0x0000000017d80000]
[error occurred during error reporting (printing stack bounds), id 0xc0000005]

Native frames: (J=compiled Java code, j=interpreted, Vv=VM code, C=native code)


Current CompileTask:
C2:5343962 3611       4       org.languagetool.rules.AbstractCompoundRule::getStringToTokenMap (144 bytes)


---------------  P R O C E S S  ---------------

Java Threads: ( => current thread )
  0x0000000002c8b800 JavaThread "DestroyJavaVM" [_thread_blocked, id=13308, stack(0x0000000002b10000,0x0000000002c10000)]
  0x000000001884c800 JavaThread "pool-1-thread-1" [_thread_in_Java, id=13268, stack(0x0000000018fc0000,0x00000000190c0000)]
  0x0000000017eb8800 JavaThread "Service Thread" daemon [_thread_blocked, id=8812, stack(0x0000000018280000,0x0000000018380000)]
  0x0000000016525800 JavaThread "C1 CompilerThread2" daemon [_thread_blocked, id=9536, stack(0x0000000017d80000,0x0000000017e80000)]
=>0x000000001651d000 JavaThread "C2 CompilerThread1" daemon [_thread_in_native, id=12468, stack(0x0000000017c80000,0x0000000017d80000)]
  0x000000001651b000 JavaThread "C2 CompilerThread0" daemon [_thread_blocked, id=8744, stack(0x0000000017b80000,0x0000000017c80000)]
  0x0000000016517000 JavaThread "Attach Listener" daemon [_thread_blocked, id=9304, stack(0x0000000017a80000,0x0000000017b80000)]
  0x0000000016516000 JavaThread "Signal Dispatcher" daemon [_thread_blocked, id=8784, stack(0x0000000017980000,0x0000000017a80000)]
  0x0000000016501800 JavaThread "Finalizer" daemon [_thread_blocked, id=10112, stack(0x0000000017780000,0x0000000017880000)]
  0x00000000164d9800 JavaThread "Reference Handler" daemon [_thread_blocked, id=10040, stack(0x0000000017680000,0x0000000017780000)]

Other Threads:
  0x00000000164d7800 VMThread [stack: 0x0000000017580000,0x0000000017680000] [id=656]
  0x000000001656d800 WatcherThread [stack: 0x0000000018380000,0x0000000018480000] [id=13052]

VM state:not at safepoint (normal execution)

VM Mutex/Monitor currently owned by a thread: None

heap address: 0x00000000a3400000, size: 1484 MB, Compressed Oops mode: 32-bit
Narrow klass base: 0x0000000000000000, Narrow klass shift: 3
Compressed class space size: 1073741824 Address: 0x0000000100000000

Heap:
 PSYoungGen      total 286720K, used 245693K [0x00000000e1180000, 0x00000000fd900000, 0x0000000100000000)
  eden space 246272K, 99% used [0x00000000e1180000,0x00000000f01475b0,0x00000000f0200000)
  from space 40448K, 0% used [0x00000000f8a00000,0x00000000f8a28000,0x00000000fb180000)
  to   space 39936K, 0% used [0x00000000fb200000,0x00000000fb200000,0x00000000fd900000)
 ParOldGen       total 122368K, used 73421K [0x00000000a3400000, 0x00000000aab80000, 0x00000000e1180000)
  object space 122368K, 60% used [0x00000000a3400000,0x00000000a7bb3668,0x00000000aab80000)
 Metaspace       used 18429K, capacity 18708K, committed 18816K, reserved 1067008K
  class space    used 2075K, capacity 2158K, committed 2176K, reserved 1048576K

Card table byte_map: [0x0000000012140000,0x0000000012430000] byte_map_base: 0x0000000011c26000

Marking Bits: (ParMarkBitMap*) 0x00000000582d4ce0
 Begin Bits: [0x0000000012a20000, 0x0000000014150000)
 End Bits:   [0x0000000014150000, 0x0000000015880000)

Polling page: 0x00000000009e0000

CodeCache: size=245760Kb used=11019Kb max_used=11324Kb free=234740Kb
 bounds [0x0000000002d80000, 0x00000000038d0000, 0x0000000011d80000]
 total_blobs=3315 nmethods=2940 adapters=288
 compilation: enabled

Compilation events (10 events):
Event: 5342.961 Thread 0x0000000016525800 nmethod 3608 0x0000000003619490 code [0x00000000036195e0, 0x00000000036197b0]
Event: 5342.961 Thread 0x0000000016525800 3609       1       java.net.JarURLConnection::getEntryName (5 bytes)
Event: 5342.962 Thread 0x0000000016525800 nmethod 3609 0x000000000328b1d0 code [0x000000000328b320, 0x000000000328b430]
Event: 5343.704 Thread 0x000000001651b000 3610       4       java.util.ResourceBundle::getObject (82 bytes)
Event: 5343.705 Thread 0x000000001651b000 nmethod 3610 0x00000000035749d0 code [0x0000000003574b20, 0x0000000003574be8]
Event: 5343.729 Thread 0x000000001651d000 3611       4       org.languagetool.rules.AbstractCompoundRule::getStringToTokenMap (144 bytes)
Event: 5343.763 Thread 0x000000001651b000 3612       4       java.io.StringWriter::append (6 bytes)
Event: 5343.775 Thread 0x000000001651b000 nmethod 3612 0x0000000002fc7310 code [0x0000000002fc7480, 0x0000000002fc7bf8]
Event: 5343.775 Thread 0x000000001651b000 3613       4       java.util.LinkedHashMap$LinkedHashIterator::nextNode (54 bytes)
Event: 5343.776 Thread 0x000000001651b000 nmethod 3613 0x00000000035bbc90 code [0x00000000035bbdc0, 0x00000000035bbe98]

GC Heap History (10 events):
Event: 5305.063 GC heap before
{Heap before GC invocations=11 (full 1):
 PSYoungGen      total 206848K, used 195836K [0x00000000e1180000, 0x00000000f6600000, 0x0000000100000000)
  eden space 169472K, 100% used [0x00000000e1180000,0x00000000eb700000,0x00000000eb700000)
  from space 37376K, 70% used [0x00000000eb700000,0x00000000ed0bf2f8,0x00000000edb80000)
  to   space 38912K, 0% used [0x00000000f4000000,0x00000000f4000000,0x00000000f6600000)
 ParOldGen       total 104960K, used 60909K [0x00000000a3400000, 0x00000000a9a80000, 0x00000000e1180000)
  object space 104960K, 58% used [0x00000000a3400000,0x00000000a6f7b700,0x00000000a9a80000)
 Metaspace       used 18051K, capacity 18316K, committed 18560K, reserved 1064960K
  class space    used 2069K, capacity 2158K, committed 2176K, reserved 1048576K
Event: 5305.105 GC heap after
Heap after GC invocations=11 (full 1):
 PSYoungGen      total 308736K, used 224K [0x00000000e1180000, 0x00000000f6780000, 0x0000000100000000)
  eden space 269824K, 0% used [0x00000000e1180000,0x00000000e1180000,0x00000000f1900000)
  from space 38912K, 0% used [0x00000000f4000000,0x00000000f4038000,0x00000000f6600000)
  to   space 39936K, 0% used [0x00000000f1900000,0x00000000f1900000,0x00000000f4000000)
 ParOldGen       total 104960K, used 87146K [0x00000000a3400000, 0x00000000a9a80000, 0x00000000e1180000)
  object space 104960K, 83% used [0x00000000a3400000,0x00000000a891a9f8,0x00000000a9a80000)
 Metaspace       used 18051K, capacity 18316K, committed 18560K, reserved 1064960K
  class space    used 2069K, capacity 2158K, committed 2176K, reserved 1048576K
}
Event: 5305.105 GC heap before
{Heap before GC invocations=12 (full 2):
 PSYoungGen      total 308736K, used 224K [0x00000000e1180000, 0x00000000f6780000, 0x0000000100000000)
  eden space 269824K, 0% used [0x00000000e1180000,0x00000000e1180000,0x00000000f1900000)
  from space 38912K, 0% used [0x00000000f4000000,0x00000000f4038000,0x00000000f6600000)
  to   space 39936K, 0% used [0x00000000f1900000,0x00000000f1900000,0x00000000f4000000)
 ParOldGen       total 104960K, used 87146K [0x00000000a3400000, 0x00000000a9a80000, 0x00000000e1180000)
  object space 104960K, 83% used [0x00000000a3400000,0x00000000a891a9f8,0x00000000a9a80000)
 Metaspace       used 18051K, capacity 18316K, committed 18560K, reserved 1064960K
  class space    used 2069K, capacity 2158K, committed 2176K, reserved 1048576K
Event: 5305.543 GC heap after
Heap after GC invocations=12 (full 2):
 PSYoungGen      total 308736K, used 0K [0x00000000e1180000, 0x00000000f6780000, 0x0000000100000000)
  eden space 269824K, 0% used [0x00000000e1180000,0x00000000e1180000,0x00000000f1900000)
  from space 38912K, 0% used [0x00000000f4000000,0x00000000f4000000,0x00000000f6600000)
  to   space 39936K, 0% used [0x00000000f1900000,0x00000000f1900000,0x00000000f4000000)
 ParOldGen       total 122368K, used 73213K [0x00000000a3400000, 0x00000000aab80000, 0x00000000e1180000)
  object space 122368K, 59% used [0x00000000a3400000,0x00000000a7b7f668,0x00000000aab80000)
 Metaspace       used 18049K, capacity 18310K, committed 18560K, reserved 1064960K
  class space    used 2068K, capacity 2157K, committed 2176K, reserved 1048576K
}
Event: 5314.104 GC heap before
{Heap before GC invocations=13 (full 2):
 PSYoungGen      total 308736K, used 269824K [0x00000000e1180000, 0x00000000f6780000, 0x0000000100000000)
  eden space 269824K, 100% used [0x00000000e1180000,0x00000000f1900000,0x00000000f1900000)
  from space 38912K, 0% used [0x00000000f4000000,0x00000000f4000000,0x00000000f6600000)
  to   space 39936K, 0% used [0x00000000f1900000,0x00000000f1900000,0x00000000f4000000)
 ParOldGen       total 122368K, used 73213K [0x00000000a3400000, 0x00000000aab80000, 0x00000000e1180000)
  object space 122368K, 59% used [0x00000000a3400000,0x00000000a7b7f668,0x00000000aab80000)
 Metaspace       used 18281K, capacity 18572K, committed 18816K, reserved 1067008K
  class space    used 2075K, capacity 2158K, committed 2176K, reserved 1048576K
Event: 5314.106 GC heap after
Heap after GC invocations=13 (full 2):
 PSYoungGen      total 309760K, used 445K [0x00000000e1180000, 0x0000000100000000, 0x0000000100000000)
  eden space 269824K, 0% used [0x00000000e1180000,0x00000000e1180000,0x00000000f1900000)
  from space 39936K, 1% used [0x00000000f1900000,0x00000000f196f7d8,0x00000000f4000000)
  to   space 40448K, 0% used [0x00000000fd880000,0x00000000fd880000,0x0000000100000000)
 ParOldGen       total 122368K, used 73221K [0x00000000a3400000, 0x00000000aab80000, 0x00000000e1180000)
  object space 122368K, 59% used [0x00000000a3400000,0x00000000a7b81668,0x00000000aab80000)
 Metaspace       used 18281K, capacity 18572K, committed 18816K, reserved 1067008K
  class space    used 2075K, capacity 2158K, committed 2176K, reserved 1048576K
}
Event: 5323.002 GC heap before
{Heap before GC invocations=14 (full 2):
 PSYoungGen      total 309760K, used 270269K [0x00000000e1180000, 0x0000000100000000, 0x0000000100000000)
  eden space 269824K, 100% used [0x00000000e1180000,0x00000000f1900000,0x00000000f1900000)
  from space 39936K, 1% used [0x00000000f1900000,0x00000000f196f7d8,0x00000000f4000000)
  to   space 40448K, 0% used [0x00000000fd880000,0x00000000fd880000,0x0000000100000000)
 ParOldGen       total 122368K, used 73221K [0x00000000a3400000, 0x00000000aab80000, 0x00000000e1180000)
  object space 122368K, 59% used [0x00000000a3400000,0x00000000a7b81668,0x00000000aab80000)
 Metaspace       used 18350K, capacity 18640K, committed 18816K, reserved 1067008K
  class space    used 2075K, capacity 2158K, committed 2176K, reserved 1048576K
Event: 5323.005 GC heap after
Heap after GC invocations=14 (full 2):
 PSYoungGen      total 258048K, used 192K [0x00000000e1180000, 0x00000000fd900000, 0x0000000100000000)
  eden space 257536K, 0% used [0x00000000e1180000,0x00000000e1180000,0x00000000f0d00000)
  from space 512K, 37% used [0x00000000fd880000,0x00000000fd8b0000,0x00000000fd900000)
  to   space 40448K, 0% used [0x00000000f8a00000,0x00000000f8a00000,0x00000000fb180000)
 ParOldGen       total 122368K, used 73405K [0x00000000a3400000, 0x00000000aab80000, 0x00000000e1180000)
  object space 122368K, 59% used [0x00000000a3400000,0x00000000a7baf668,0x00000000aab80000)
 Metaspace       used 18350K, capacity 18640K, committed 18816K, reserved 1067008K
  class space    used 2075K, capacity 2158K, committed 2176K, reserved 1048576K
}
Event: 5336.688 GC heap before
{Heap before GC invocations=15 (full 2):
 PSYoungGen      total 258048K, used 257728K [0x00000000e1180000, 0x00000000fd900000, 0x0000000100000000)
  eden space 257536K, 100% used [0x00000000e1180000,0x00000000f0d00000,0x00000000f0d00000)
  from space 512K, 37% used [0x00000000fd880000,0x00000000fd8b0000,0x00000000fd900000)
  to   space 40448K, 0% used [0x00000000f8a00000,0x00000000f8a00000,0x00000000fb180000)
 ParOldGen       total 122368K, used 73405K [0x00000000a3400000, 0x00000000aab80000, 0x00000000e1180000)
  object space 122368K, 59% used [0x00000000a3400000,0x00000000a7baf668,0x00000000aab80000)
 Metaspace       used 18398K, capacity 18704K, committed 18816K, reserved 1067008K
  class space    used 2075K, capacity 2158K, committed 2176K, reserved 1048576K
Event: 5336.690 GC heap after
Heap after GC invocations=15 (full 2):
 PSYoungGen      total 286720K, used 160K [0x00000000e1180000, 0x00000000fd900000, 0x0000000100000000)
  eden space 246272K, 0% used [0x00000000e1180000,0x00000000e1180000,0x00000000f0200000)
  from space 40448K, 0% used [0x00000000f8a00000,0x00000000f8a28000,0x00000000fb180000)
  to   space 39936K, 0% used [0x00000000fb200000,0x00000000fb200000,0x00000000fd900000)
 ParOldGen       total 122368K, used 73421K [0x00000000a3400000, 0x00000000aab80000, 0x00000000e1180000)
  object space 122368K, 60% used [0x00000000a3400000,0x00000000a7bb3668,0x00000000aab80000)
 Metaspace       used 18398K, capacity 18704K, committed 18816K, reserved 1067008K
  class space    used 2075K, capacity 2158K, committed 2176K, reserved 1048576K
}

Deoptimization events (10 events):
Event: 5307.787 Thread 0x000000001884c800 Uncommon trap: reason=unstable_if action=reinterpret pc=0x00000000035fd3b8 method=org.languagetool.rules.RuleWithMaxFilter.filter(Ljava/util/List;)Ljava/util/List; @ 21
Event: 5307.788 Thread 0x000000001884c800 Uncommon trap: reason=bimorphic action=maybe_recompile pc=0x00000000034f1b3c method=java.util.regex.Matcher.search(I)Z @ 86
Event: 5307.788 Thread 0x000000001884c800 Uncommon trap: reason=bimorphic action=maybe_recompile pc=0x00000000034f1b3c method=java.util.regex.Matcher.search(I)Z @ 86
Event: 5314.707 Thread 0x000000001884c800 Uncommon trap: reason=range_check action=make_not_entrant pc=0x0000000003641014 method=opennlp.tools.postag.DefaultPOSContextGenerator.getContext(I[Ljava/lang/Object;[Ljava/lang/String;)[Ljava/lang/String; @ 32
Event: 5319.933 Thread 0x000000001884c800 Uncommon trap: reason=predicate action=maybe_recompile pc=0x00000000034798e8 method=java.util.AbstractCollection.toArray([Ljava/lang/Object;)[Ljava/lang/Object; @ 49
Event: 5321.953 Thread 0x000000001884c800 Uncommon trap: reason=array_check action=maybe_recompile pc=0x00000000035b15f0 method=java.util.AbstractCollection.toArray([Ljava/lang/Object;)[Ljava/lang/Object; @ 119
Event: 5321.953 Thread 0x000000001884c800 Uncommon trap: reason=array_check action=maybe_recompile pc=0x00000000035b15f0 method=java.util.AbstractCollection.toArray([Ljava/lang/Object;)[Ljava/lang/Object; @ 119
Event: 5321.953 Thread 0x000000001884c800 Uncommon trap: reason=array_check action=maybe_recompile pc=0x00000000035b15f0 method=java.util.AbstractCollection.toArray([Ljava/lang/Object;)[Ljava/lang/Object; @ 119
Event: 5321.953 Thread 0x000000001884c800 Uncommon trap: reason=array_check action=maybe_recompile pc=0x00000000035b15f0 method=java.util.AbstractCollection.toArray([Ljava/lang/Object;)[Ljava/lang/Object; @ 119
Event: 5336.195 Thread 0x000000001884c800 Uncommon trap: reason=unstable_if action=reinterpret pc=0x0000000003649b70 method=org.languagetool.rules.patterns.PatternToken.isAndExceptionGroupMatched(Lorg/languagetool/AnalyzedToken;)Z @ 34

Classes redefined (0 events):
No events

Internal exceptions (10 events):
Event: 43.828 Thread 0x000000001884c800 Exception <a 'java/lang/NoClassDefFoundError': org/apache/log4j/Priority> (0x00000000e2642850) thrown at [C:\re\workspace\8-2-build-windows-amd64-cygwin\jdk8u201\12322\hotspot\src\share\vm\classfile\systemDictionary.cpp, line 199]
Event: 44.473 Thread 0x000000001884c800 Implicit null exception at 0x0000000002fd07d6 to 0x0000000002fd0b6d
Event: 2667.371 Thread 0x000000001884c800 Implicit null exception at 0x0000000003000055 to 0x0000000003000251
Event: 2667.372 Thread 0x000000001884c800 Implicit null exception at 0x000000000310b57b to 0x000000000310bbb5
Event: 3034.444 Thread 0x000000001884c800 Implicit null exception at 0x00000000035abb4f to 0x00000000035aee29
Event: 3034.847 Thread 0x000000001884c800 Implicit null exception at 0x0000000002fc48d6 to 0x0000000002fc4c65
Event: 3034.891 Thread 0x000000001884c800 Implicit null exception at 0x0000000003611156 to 0x0000000003613fb5
Event: 3034.956 Thread 0x000000001884c800 Implicit null exception at 0x000000000363db66 to 0x0000000003641009
Event: 3035.920 Thread 0x000000001884c800 Implicit null exception at 0x000000000365173c to 0x00000000036544c5
Event: 3035.935 Thread 0x000000001884c800 Implicit null exception at 0x000000000365b477 to 0x000000000365e7fd

Events (10 events):
Event: 5334.229 Thread 0x000000001651d000 flushing nmethod 0x00000000036b6690
Event: 5334.229 Thread 0x000000001651d000 flushing nmethod 0x000000000370f490
Event: 5334.229 Thread 0x000000001651d000 flushing nmethod 0x0000000003715d50
Event: 5334.230 Thread 0x0000000016525800 flushing nmethod 0x000000000373f650
Event: 5334.230 Thread 0x0000000016525800 flushing nmethod 0x000000000378a690
Event: 5336.195 Thread 0x000000001884c800 Uncommon trap: trap_request=0xffffff65 fr.pc=0x0000000003649b70
Event: 5336.195 Thread 0x000000001884c800 DEOPT PACKING pc=0x0000000003649b70 sp=0x00000000190be190
Event: 5336.195 Thread 0x000000001884c800 DEOPT UNPACKING pc=0x0000000002dc583b sp=0x00000000190be048 mode 2
Event: 5336.688 Executing VM operation: ParallelGCFailedAllocation
Event: 5336.690 Executing VM operation: ParallelGCFailedAllocation done


Dynamic libraries:
0x00007ff629790000 - 0x00007ff6297c7000 	C:\Program Files (x86)\Common Files\Oracle\Java\javapath\java.exe
0x00007ffb11360000 - 0x00007ffb1154d000 	C:\WINDOWS\SYSTEM32\ntdll.dll
0x00007ffb0e990000 - 0x00007ffb0ea43000 	C:\WINDOWS\System32\KERNEL32.DLL
0x00007ffb0d890000 - 0x00007ffb0db23000 	C:\WINDOWS\System32\KERNELBASE.dll
0x00007ffb0f0c0000 - 0x00007ffb0f163000 	C:\WINDOWS\System32\ADVAPI32.dll
0x00007ffb0f170000 - 0x00007ffb0f20e000 	C:\WINDOWS\System32\msvcrt.dll
0x00007ffb0f320000 - 0x00007ffb0f3be000 	C:\WINDOWS\System32\sechost.dll
0x00007ffb0eed0000 - 0x00007ffb0eff2000 	C:\WINDOWS\System32\RPCRT4.dll
0x00007ffb0f940000 - 0x00007ffb0fad7000 	C:\WINDOWS\System32\USER32.dll
0x00007ffb0e280000 - 0x00007ffb0e2a0000 	C:\WINDOWS\System32\win32u.dll
0x00007ffb0f730000 - 0x00007ffb0f759000 	C:\WINDOWS\System32\GDI32.dll
0x00007ffb0d6f0000 - 0x00007ffb0d88a000 	C:\WINDOWS\System32\gdi32full.dll
0x00007ffb0e3d0000 - 0x00007ffb0e470000 	C:\WINDOWS\System32\msvcp_win.dll
0x00007ffb0e470000 - 0x00007ffb0e56a000 	C:\WINDOWS\System32\ucrtbase.dll
0x00007ffafc7f0000 - 0x00007ffafca69000 	C:\WINDOWS\WinSxS\amd64_microsoft.windows.common-controls_6595b64144ccf1df_6.0.17763.557_none_05b63f68071e5b9f\COMCTL32.dll
0x00007ffb0fb00000 - 0x00007ffb0fe2c000 	C:\WINDOWS\System32\combase.dll
0x00007ffb0d670000 - 0x00007ffb0d6ee000 	C:\WINDOWS\System32\bcryptPrimitives.dll
0x00007ffb0e8c0000 - 0x00007ffb0e8ee000 	C:\WINDOWS\System32\IMM32.DLL
0x0000000058360000 - 0x0000000058431000 	C:\Program Files\Java\jre1.8.0_201\bin\msvcr100.dll
0x0000000057ab0000 - 0x0000000058354000 	C:\Program Files\Java\jre1.8.0_201\bin\server\jvm.dll
0x00007ffb11320000 - 0x00007ffb11328000 	C:\WINDOWS\System32\PSAPI.DLL
0x00007ffb0af80000 - 0x00007ffb0afa4000 	C:\WINDOWS\SYSTEM32\WINMM.dll
0x00007ffb0b340000 - 0x00007ffb0b349000 	C:\WINDOWS\SYSTEM32\WSOCK32.dll
0x00007ffafe1c0000 - 0x00007ffafe1ca000 	C:\WINDOWS\SYSTEM32\VERSION.dll
0x00007ffb0e850000 - 0x00007ffb0e8bd000 	C:\WINDOWS\System32\WS2_32.dll
0x00007ffb0af50000 - 0x00007ffb0af7d000 	C:\WINDOWS\SYSTEM32\winmmbase.dll
0x00007ffb0e2a0000 - 0x00007ffb0e2ea000 	C:\WINDOWS\System32\cfgmgr32.dll
0x00007ffb07950000 - 0x00007ffb0795f000 	C:\Program Files\Java\jre1.8.0_201\bin\verify.dll
0x00007ffb05bf0000 - 0x00007ffb05c19000 	C:\Program Files\Java\jre1.8.0_201\bin\java.dll
0x00007ffb04410000 - 0x00007ffb04426000 	C:\Program Files\Java\jre1.8.0_201\bin\zip.dll
0x00007ffb0fe30000 - 0x00007ffb11320000 	C:\WINDOWS\System32\SHELL32.dll
0x00007ffb0f890000 - 0x00007ffb0f938000 	C:\WINDOWS\System32\shcore.dll
0x00007ffb0db30000 - 0x00007ffb0e27a000 	C:\WINDOWS\System32\windows.storage.dll
0x00007ffb0d3e0000 - 0x00007ffb0d404000 	C:\WINDOWS\System32\profapi.dll
0x00007ffb0d360000 - 0x00007ffb0d3bd000 	C:\WINDOWS\System32\powrprof.dll
0x00007ffb0f060000 - 0x00007ffb0f0b2000 	C:\WINDOWS\System32\shlwapi.dll
0x00007ffb0d410000 - 0x00007ffb0d421000 	C:\WINDOWS\System32\kernel.appcore.dll
0x00007ffb0e570000 - 0x00007ffb0e587000 	C:\WINDOWS\System32\cryptsp.dll
0x00007ffb03af0000 - 0x00007ffb03b0a000 	C:\Program Files\Java\jre1.8.0_201\bin\net.dll
0x00007ffb036c0000 - 0x00007ffb03897000 	C:\WINDOWS\SYSTEM32\urlmon.dll
0x00007ffb03410000 - 0x00007ffb036b8000 	C:\WINDOWS\SYSTEM32\iertutil.dll
0x00007ffb0cdb0000 - 0x00007ffb0cdbc000 	C:\WINDOWS\SYSTEM32\CRYPTBASE.DLL
0x00007ffb0cbe0000 - 0x00007ffb0cc47000 	C:\WINDOWS\system32\mswsock.dll
0x00007ffb0c980000 - 0x00007ffb0ca46000 	C:\WINDOWS\SYSTEM32\DNSAPI.dll
0x00007ffb0fae0000 - 0x00007ffb0fae8000 	C:\WINDOWS\System32\NSI.dll
0x00007ffb0c940000 - 0x00007ffb0c97d000 	C:\WINDOWS\SYSTEM32\IPHLPAPI.DLL
0x00007ffb04790000 - 0x00007ffb0479a000 	C:\Windows\System32\rasadhlp.dll
0x00007ffb03390000 - 0x00007ffb03409000 	C:\WINDOWS\System32\fwpuclnt.dll
0x00007ffb0e3a0000 - 0x00007ffb0e3c6000 	C:\WINDOWS\System32\bcrypt.dll

VM Arguments:
java_command: App 2471
java_class_path (initial): c:\Users\Mayokun\.vscode\extensions\adamvoss.vscode-languagetool-3.8.0\lib\languagetool-languageserver\build\install\languagetool-languageserver\bin\..\lib\annotations-12.0.jar;c:\Users\Mayokun\.vscode\extensions\adamvoss.vscode-languagetool-3.8.0\lib\languagetool-languageserver\build\install\languagetool-languageserver\bin\..\lib\autolink-0.6.0.jar;c:\Users\Mayokun\.vscode\extensions\adamvoss.vscode-languagetool-3.8.0\lib\languagetool-languageserver\build\install\languagetool-languageserver\bin\..\lib\berkeleylm-1.1.2.jar;c:\Users\Mayokun\.vscode\extensions\adamvoss.vscode-languagetool-3.8.0\lib\languagetool-languageserver\build\install\languagetool-languageserver\bin\..\lib\commons-lang3-3.5.jar;c:\Users\Mayokun\.vscode\extensions\adamvoss.vscode-languagetool-3.8.0\lib\languagetool-languageserver\build\install\languagetool-languageserver\bin\..\lib\commons-logging-1.2.jar;c:\Users\Mayokun\.vscode\extensions\adamvoss.vscode-languagetool-3.8.0\lib\languagetool-languageserver\build\install\languagetool-languageserver\bin\..\lib\flexmark-0.19.1.jar;c:\Users\Mayokun\.vscode\extensions\adamvoss.vscode-languagetool-3.8.0\lib\languagetool-languageserver\build\install\languagetool-languageserver\bin\..\lib\flexmark-all-0.19.1.jar;c:\Users\Mayokun\.vscode\extensions\adamvoss.vscode-languagetool-3.8.0\lib\languagetool-languageserver\build\install\languagetool-languageserver\bin\..\lib\flexmark-ext-abbreviation-0.19.1.jar;c:\Users\Mayokun\.vscode\extensions\adamvoss.vscode-languagetool-3.8.0\lib\languagetool-languageserver\build\install\languagetool-languageserver\bin\..\lib\flexmark-ext-anchorlink-0.19.1.jar;c:\Users\Mayokun\.vscode\extensions\adamvoss.vscode-languagetool-3.8.0\lib\languagetool-languageserver\build\install\languagetool-languageserver\bin\..\lib\flexmark-ext-aside-0.19.1.jar;c:\Users\Mayokun\.vscode\extensions\adamvoss.vscode-languagetool-3.8.0\lib\languagetool-languageserver\build\install\languagetool-languageserver\bin\..\lib\fl
Launcher Type: SUN_STANDARD

Environment Variables:
CLASSPATH=c:\Users\Mayokun\.vscode\extensions\adamvoss.vscode-languagetool-3.8.0\lib\languagetool-languageserver\build\install\languagetool-languageserver\bin\..\lib\*;C:\Users\Mayokun\.vscode\extensions\adamvoss.vscode-languagetool-en-3.8.0\lib\*
PATH=C:\Program Files (x86)\Common Files\Oracle\Java\javapath;C:\WINDOWS\system32;C:\WINDOWS;C:\WINDOWS\System32\Wbem;C:\WINDOWS\System32\WindowsPowerShell\v1.0\;C:\WINDOWS\System32\OpenSSH\;C:\Program Files\Git\cmd;c:\Program Files\PuTTY\;C:\Program Files\SourceGear\Common\DiffMerge\;C:\Ruby25-x64\bin;C:\Users\Mayokun\AppData\Local\Microsoft\WindowsApps;C:\Users\Mayokun\AppData\Local\Programs\Microsoft VS Code\bin;C:\Program Files\JetBrains\IntelliJ IDEA Community Edition 2018.3.1\bin;;C:\src\flutter\bin;C:\Program Files\Java\jdk-11.0.1\bin
USERNAME=Mayokun
OS=Windows_NT
PROCESSOR_IDENTIFIER=Intel64 Family 6 Model 37 Stepping 5, GenuineIntel



---------------  S Y S T E M  ---------------

OS: Windows 10.0 , 64 bit Build 17763 (10.0.17763.475)

CPU:total 4 (initial active 4) (2 cores per cpu, 2 threads per core) family 6 model 37 stepping 5, cmov, cx8, fxsr, mmx, sse, sse2, sse3, ssse3, sse4.1, sse4.2, popcnt, aes, clmul, ht, tsc, tscinvbit

Memory: 4k page, physical 6077824k(1208208k free), swap 7754112k(44084k free)

vm_info: Java HotSpot(TM) 64-Bit Server VM (25.201-b09) for windows-amd64 JRE (1.8.0_201-b09), built on Dec 15 2018 18:36:39 by "java_re" with MS VC++ 10.0 (VS2010)

time: Tue Jun 18 12:55:50 2019
timezone: W. Central Africa Standard Time
elapsed time: 5344 seconds (0d 1h 29m 4s)

